<?xml version="1.0" encoding="UTF-8"?>
<coverage generated="1647791637964" clover="3.2.0">
  <project timestamp="1647791637964" name="All files">
    <metrics statements="228" coveredstatements="219" conditionals="46" coveredconditionals="35" methods="51" coveredmethods="48" elements="325" coveredelements="302" complexity="0" loc="228" ncloc="228" packages="3" files="13" classes="13"/>
    <package name="src.deamon">
      <metrics statements="19" coveredstatements="19" conditionals="0" coveredconditionals="0" methods="5" coveredmethods="5"/>
      <file name="deamon.ts" path="/home/leone/Documents/code/micronx8t/src/deamon/deamon.ts">
        <metrics statements="17" coveredstatements="17" conditionals="0" coveredconditionals="0" methods="5" coveredmethods="5"/>
        <line num="1" count="1" type="stmt"/>
        <line num="2" count="1" type="stmt"/>
        <line num="3" count="1" type="stmt"/>
        <line num="5" count="1" type="stmt"/>
        <line num="8" count="1" type="stmt"/>
        <line num="9" count="1" type="stmt"/>
        <line num="10" count="1" type="stmt"/>
        <line num="11" count="1" type="stmt"/>
        <line num="15" count="1" type="stmt"/>
        <line num="18" count="1" type="stmt"/>
        <line num="19" count="1" type="stmt"/>
        <line num="20" count="1" type="stmt"/>
        <line num="21" count="1" type="stmt"/>
        <line num="23" count="1" type="stmt"/>
        <line num="27" count="1" type="stmt"/>
        <line num="29" count="1" type="stmt"/>
        <line num="31" count="1" type="stmt"/>
      </file>
      <file name="index.ts" path="/home/leone/Documents/code/micronx8t/src/deamon/index.ts">
        <metrics statements="2" coveredstatements="2" conditionals="0" coveredconditionals="0" methods="0" coveredmethods="0"/>
        <line num="1" count="1" type="stmt"/>
        <line num="3" count="1" type="stmt"/>
      </file>
    </package>
    <package name="src.nxth7p">
      <metrics statements="183" coveredstatements="174" conditionals="46" coveredconditionals="35" methods="37" coveredmethods="34"/>
      <file name="HttpContentType.ts" path="/home/leone/Documents/code/micronx8t/src/nxth7p/HttpContentType.ts">
        <metrics statements="4" coveredstatements="4" conditionals="2" coveredconditionals="2" methods="1" coveredmethods="1"/>
        <line num="1" count="3" type="cond" truecount="2" falsecount="0"/>
        <line num="2" count="3" type="stmt"/>
        <line num="3" count="3" type="stmt"/>
        <line num="6" count="3" type="stmt"/>
      </file>
      <file name="HttpCtrl.ts" path="/home/leone/Documents/code/micronx8t/src/nxth7p/HttpCtrl.ts">
        <metrics statements="39" coveredstatements="38" conditionals="9" coveredconditionals="8" methods="8" coveredmethods="8"/>
        <line num="1" count="3" type="stmt"/>
        <line num="10" count="3" type="stmt"/>
        <line num="14" count="3" type="cond" truecount="2" falsecount="0"/>
        <line num="17" count="3" type="stmt"/>
        <line num="18" count="18" type="stmt"/>
        <line num="20" count="18" type="stmt"/>
        <line num="21" count="36" type="stmt"/>
        <line num="22" count="36" type="cond" truecount="0" falsecount="1"/>
        <line num="23" count="0" type="stmt"/>
        <line num="25" count="36" type="cond" truecount="1" falsecount="0"/>
        <line num="26" count="7" type="stmt"/>
        <line num="29" count="18" type="cond" truecount="2" falsecount="0"/>
        <line num="32" count="3" type="stmt"/>
        <line num="33" count="36" type="stmt"/>
        <line num="34" count="76" type="cond" truecount="1" falsecount="0"/>
        <line num="35" count="30" type="stmt"/>
        <line num="39" count="3" type="stmt"/>
        <line num="40" count="12" type="stmt"/>
        <line num="41" count="12" type="stmt"/>
        <line num="43" count="12" type="stmt"/>
        <line num="44" count="12" type="stmt"/>
        <line num="45" count="29" type="cond" truecount="1" falsecount="0"/>
        <line num="46" count="11" type="stmt"/>
        <line num="48" count="18" type="stmt"/>
        <line num="49" count="18" type="stmt"/>
        <line num="50" count="18" type="stmt"/>
        <line num="51" count="18" type="stmt"/>
        <line num="52" count="18" type="cond" truecount="1" falsecount="0"/>
        <line num="53" count="11" type="stmt"/>
        <line num="54" count="11" type="stmt"/>
        <line num="55" count="11" type="stmt"/>
        <line num="58" count="12" type="stmt"/>
        <line num="61" count="3" type="stmt"/>
        <line num="62" count="12" type="stmt"/>
        <line num="63" count="12" type="stmt"/>
        <line num="64" count="104" type="stmt"/>
        <line num="65" count="684" type="stmt"/>
        <line num="67" count="104" type="stmt"/>
        <line num="72" count="3" type="stmt"/>
      </file>
      <file name="HttpErr.ts" path="/home/leone/Documents/code/micronx8t/src/nxth7p/HttpErr.ts">
        <metrics statements="3" coveredstatements="3" conditionals="2" coveredconditionals="1" methods="1" coveredmethods="1"/>
        <line num="1" count="3" type="stmt"/>
        <line num="7" count="4" type="cond" truecount="1" falsecount="1"/>
        <line num="8" count="4" type="stmt"/>
      </file>
      <file name="HttpMd.ts" path="/home/leone/Documents/code/micronx8t/src/nxth7p/HttpMd.ts">
        <metrics statements="12" coveredstatements="12" conditionals="2" coveredconditionals="2" methods="1" coveredmethods="1"/>
        <line num="1" count="3" type="cond" truecount="2" falsecount="0"/>
        <line num="2" count="3" type="stmt"/>
        <line num="3" count="3" type="stmt"/>
        <line num="4" count="3" type="stmt"/>
        <line num="5" count="3" type="stmt"/>
        <line num="6" count="3" type="stmt"/>
        <line num="7" count="3" type="stmt"/>
        <line num="8" count="3" type="stmt"/>
        <line num="9" count="3" type="stmt"/>
        <line num="10" count="3" type="stmt"/>
        <line num="13" count="3" type="stmt"/>
        <line num="15" count="3" type="stmt"/>
      </file>
      <file name="HttpReq.ts" path="/home/leone/Documents/code/micronx8t/src/nxth7p/HttpReq.ts">
        <metrics statements="44" coveredstatements="39" conditionals="16" coveredconditionals="11" methods="9" coveredmethods="8"/>
        <line num="1" count="3" type="stmt"/>
        <line num="2" count="3" type="stmt"/>
        <line num="13" count="3" type="stmt"/>
        <line num="14" count="10" type="stmt"/>
        <line num="15" count="10" type="stmt"/>
        <line num="16" count="10" type="cond" truecount="1" falsecount="0"/>
        <line num="17" count="8" type="stmt"/>
        <line num="18" count="8" type="stmt"/>
        <line num="20" count="2" type="stmt"/>
        <line num="21" count="3" type="cond" truecount="3" falsecount="0"/>
        <line num="22" count="1" type="stmt"/>
        <line num="26" count="2" type="stmt"/>
        <line num="29" count="1" type="stmt"/>
        <line num="37" count="3" type="stmt"/>
        <line num="38" count="11" type="stmt"/>
        <line num="39" count="11" type="stmt"/>
        <line num="40" count="11" type="cond" truecount="1" falsecount="0"/>
        <line num="41" count="8" type="stmt"/>
        <line num="42" count="8" type="stmt"/>
        <line num="44" count="3" type="stmt"/>
        <line num="45" count="3" type="stmt"/>
        <line num="47" count="3" type="stmt"/>
        <line num="48" count="3" type="cond" truecount="0" falsecount="1"/>
        <line num="49" count="0" type="stmt"/>
        <line num="50" count="0" type="stmt"/>
        <line num="52" count="3" type="stmt"/>
        <line num="53" count="3" type="stmt"/>
        <line num="54" count="4" type="cond" truecount="2" falsecount="1"/>
        <line num="55" count="0" type="stmt"/>
        <line num="59" count="4" type="stmt"/>
        <line num="61" count="2" type="stmt"/>
        <line num="62" count="2" type="stmt"/>
        <line num="64" count="1" type="stmt"/>
        <line num="71" count="3" type="stmt"/>
        <line num="72" count="0" type="stmt"/>
        <line num="80" count="3" type="stmt"/>
        <line num="81" count="12" type="cond" truecount="2" falsecount="1"/>
        <line num="82" count="0" type="stmt"/>
        <line num="86" count="12" type="stmt"/>
        <line num="87" count="12" type="cond" truecount="1" falsecount="1"/>
        <line num="88" count="12" type="stmt"/>
        <line num="89" count="12" type="stmt"/>
        <line num="90" count="12" type="stmt"/>
        <line num="91" count="12" type="stmt"/>
      </file>
      <file name="HttpRes.ts" path="/home/leone/Documents/code/micronx8t/src/nxth7p/HttpRes.ts">
        <metrics statements="4" coveredstatements="4" conditionals="0" coveredconditionals="0" methods="1" coveredmethods="1"/>
        <line num="7" count="9" type="stmt"/>
        <line num="8" count="9" type="stmt"/>
        <line num="9" count="9" type="stmt"/>
        <line num="13" count="3" type="stmt"/>
      </file>
      <file name="HttpRoute.ts" path="/home/leone/Documents/code/micronx8t/src/nxth7p/HttpRoute.ts">
        <metrics statements="11" coveredstatements="11" conditionals="0" coveredconditionals="0" methods="4" coveredmethods="4"/>
        <line num="1" count="3" type="stmt"/>
        <line num="28" count="3" type="stmt"/>
        <line num="35" count="11" type="stmt"/>
        <line num="36" count="11" type="stmt"/>
        <line num="37" count="11" type="stmt"/>
        <line num="38" count="11" type="stmt"/>
        <line num="41" count="11" type="stmt"/>
        <line num="42" count="11" type="stmt"/>
        <line num="51" count="3" type="stmt"/>
        <line num="52" count="11" type="stmt"/>
        <line num="65" count="11" type="stmt"/>
      </file>
      <file name="debug.ts" path="/home/leone/Documents/code/micronx8t/src/nxth7p/debug.ts">
        <metrics statements="2" coveredstatements="2" conditionals="0" coveredconditionals="0" methods="0" coveredmethods="0"/>
        <line num="1" count="3" type="stmt"/>
        <line num="3" count="3" type="stmt"/>
      </file>
      <file name="http.ts" path="/home/leone/Documents/code/micronx8t/src/nxth7p/http.ts">
        <metrics statements="62" coveredstatements="59" conditionals="15" coveredconditionals="11" methods="12" coveredmethods="10"/>
        <line num="1" count="3" type="stmt"/>
        <line num="3" count="3" type="stmt"/>
        <line num="4" count="3" type="stmt"/>
        <line num="12" count="3" type="stmt"/>
        <line num="13" count="3" type="stmt"/>
        <line num="17" count="3" type="stmt"/>
        <line num="18" count="3" type="stmt"/>
        <line num="21" count="3" type="stmt"/>
        <line num="22" count="3" type="stmt"/>
        <line num="24" count="3" type="stmt"/>
        <line num="27" count="3" type="stmt"/>
        <line num="28" count="3" type="stmt"/>
        <line num="31" count="3" type="stmt"/>
        <line num="32" count="3" type="stmt"/>
        <line num="33" count="0" type="stmt"/>
        <line num="36" count="3" type="stmt"/>
        <line num="37" count="0" type="stmt"/>
        <line num="41" count="3" type="stmt"/>
        <line num="42" count="12" type="stmt"/>
        <line num="44" count="12" type="stmt"/>
        <line num="45" count="12" type="stmt"/>
        <line num="46" count="12" type="stmt"/>
        <line num="47" count="12" type="cond" truecount="1" falsecount="0"/>
        <line num="48" count="11" type="stmt"/>
        <line num="51" count="12" type="cond" truecount="1" falsecount="0"/>
        <line num="52" count="1" type="stmt"/>
        <line num="56" count="11" type="cond" truecount="0" falsecount="1"/>
        <line num="57" count="0" type="stmt"/>
        <line num="62" count="11" type="cond" truecount="1" falsecount="0"/>
        <line num="63" count="11" type="stmt"/>
        <line num="65" count="10" type="cond" truecount="1" falsecount="0"/>
        <line num="66" count="10" type="stmt"/>
        <line num="68" count="9" type="stmt"/>
        <line num="69" count="9" type="stmt"/>
        <line num="70" count="9" type="cond" truecount="1" falsecount="0"/>
        <line num="71" count="9" type="stmt"/>
        <line num="73" count="9" type="stmt"/>
        <line num="80" count="3" type="stmt"/>
        <line num="81" count="12" type="stmt"/>
        <line num="82" count="12" type="stmt"/>
        <line num="83" count="12" type="stmt"/>
        <line num="85" count="9" type="stmt"/>
        <line num="86" count="9" type="cond" truecount="1" falsecount="1"/>
        <line num="87" count="9" type="cond" truecount="1" falsecount="1"/>
        <line num="88" count="9" type="stmt"/>
        <line num="90" count="3" type="stmt"/>
        <line num="91" count="3" type="cond" truecount="1" falsecount="1"/>
        <line num="92" count="3" type="stmt"/>
        <line num="93" count="3" type="stmt"/>
        <line num="97" count="3" type="stmt"/>
        <line num="98" count="3" type="stmt"/>
        <line num="101" count="3" type="stmt"/>
        <line num="102" count="3" type="stmt"/>
        <line num="103" count="3" type="stmt"/>
        <line num="106" count="3" type="stmt"/>
        <line num="107" count="3" type="stmt"/>
        <line num="108" count="3" type="cond" truecount="2" falsecount="0"/>
        <line num="109" count="3" type="stmt"/>
        <line num="110" count="3" type="cond" truecount="1" falsecount="0"/>
        <line num="111" count="3" type="stmt"/>
        <line num="113" count="3" type="stmt"/>
        <line num="117" count="3" type="stmt"/>
      </file>
      <file name="index.ts" path="/home/leone/Documents/code/micronx8t/src/nxth7p/index.ts">
        <metrics statements="2" coveredstatements="2" conditionals="0" coveredconditionals="0" methods="0" coveredmethods="0"/>
        <line num="1" count="3" type="stmt"/>
        <line num="3" count="3" type="stmt"/>
      </file>
    </package>
    <package name="test.nxth7p">
      <metrics statements="26" coveredstatements="26" conditionals="0" coveredconditionals="0" methods="9" coveredmethods="9"/>
      <file name="helper.ts" path="/home/leone/Documents/code/micronx8t/test/nxth7p/helper.ts">
        <metrics statements="26" coveredstatements="26" conditionals="0" coveredconditionals="0" methods="9" coveredmethods="9"/>
        <line num="1" count="2" type="stmt"/>
        <line num="2" count="2" type="stmt"/>
        <line num="3" count="2" type="stmt"/>
        <line num="5" count="2" type="stmt"/>
        <line num="8" count="2" type="stmt"/>
        <line num="9" count="1" type="stmt"/>
        <line num="10" count="1" type="stmt"/>
        <line num="11" count="1" type="stmt"/>
        <line num="15" count="1" type="stmt"/>
        <line num="18" count="2" type="stmt"/>
        <line num="19" count="4" type="stmt"/>
        <line num="20" count="4" type="stmt"/>
        <line num="21" count="3" type="stmt"/>
        <line num="23" count="4" type="stmt"/>
        <line num="26" count="2" type="stmt"/>
        <line num="27" count="3" type="stmt"/>
        <line num="28" count="3" type="stmt"/>
        <line num="29" count="2" type="stmt"/>
        <line num="31" count="3" type="stmt"/>
        <line num="34" count="2" type="stmt"/>
        <line num="35" count="1" type="stmt"/>
        <line num="36" count="1" type="stmt"/>
        <line num="37" count="1" type="stmt"/>
        <line num="39" count="1" type="stmt"/>
        <line num="43" count="2" type="stmt"/>
        <line num="45" count="2" type="stmt"/>
      </file>
    </package>
  </project>
</coverage>
