{"/home/leone/Documents/code/micronx8t/src/deamon/deamon.ts": {"path":"/home/leone/Documents/code/micronx8t/src/deamon/deamon.ts","statementMap":{"0":{"start":{"line":1,"column":0},"end":{"line":1,"column":31}},"1":{"start":{"line":2,"column":0},"end":{"line":2,"column":42}},"2":{"start":{"line":3,"column":0},"end":{"line":3,"column":51}},"3":{"start":{"line":5,"column":15},"end":{"line":5,"column":27}},"4":{"start":{"line":8,"column":2},"end":{"line":16,"column":null}},"5":{"start":{"line":9,"column":32},"end":{"line":9,"column":46}},"6":{"start":{"line":10,"column":4},"end":{"line":14,"column":7}},"7":{"start":{"line":11,"column":6},"end":{"line":13,"column":null}},"8":{"start":{"line":15,"column":4},"end":{"line":15,"column":17}},"9":{"start":{"line":18,"column":2},"end":{"line":24,"column":null}},"10":{"start":{"line":19,"column":32},"end":{"line":19,"column":46}},"11":{"start":{"line":20,"column":4},"end":{"line":22,"column":7}},"12":{"start":{"line":21,"column":6},"end":{"line":21,"column":50}},"13":{"start":{"line":23,"column":4},"end":{"line":23,"column":17}},"14":{"start":{"line":27,"column":18},"end":{"line":27,"column":32}},"15":{"start":{"line":29,"column":0},"end":{"line":29,"column":33}},"16":{"start":{"line":31,"column":0},"end":{"line":31,"column":22}}},"fnMap":{"0":{"name":"(anonymous_1)","decl":{"start":{"line":7,"column":0},"end":{"line":7,"column":6}},"loc":{"start":{"line":7,"column":0},"end":{"line":25,"column":1}}},"1":{"name":"(anonymous_2)","decl":{"start":{"line":8,"column":12},"end":{"line":8,"column":15}},"loc":{"start":{"line":8,"column":17},"end":{"line":16,"column":3}}},"2":{"name":"(anonymous_3)","decl":{"start":{"line":10,"column":15},"end":{"line":10,"column":20}},"loc":{"start":{"line":10,"column":26},"end":{"line":14,"column":5}}},"3":{"name":"(anonymous_4)","decl":{"start":{"line":18,"column":16},"end":{"line":18,"column":19}},"loc":{"start":{"line":18,"column":21},"end":{"line":24,"column":3}}},"4":{"name":"(anonymous_5)","decl":{"start":{"line":20,"column":15},"end":{"line":20,"column":20}},"loc":{"start":{"line":20,"column":29},"end":{"line":22,"column":5}}}},"branchMap":{},"s":{"0":1,"1":1,"2":1,"3":1,"4":1,"5":1,"6":1,"7":1,"8":1,"9":1,"10":1,"11":1,"12":1,"13":1,"14":1,"15":1,"16":1},"f":{"0":1,"1":1,"2":1,"3":1,"4":1},"b":{}}
,"/home/leone/Documents/code/micronx8t/src/deamon/index.ts": {"path":"/home/leone/Documents/code/micronx8t/src/deamon/index.ts","statementMap":{"0":{"start":{"line":1,"column":0},"end":{"line":1,"column":30}},"1":{"start":{"line":3,"column":0},"end":{"line":3,"column":22}}},"fnMap":{},"branchMap":{},"s":{"0":1,"1":1},"f":{},"b":{}}
,"/home/leone/Documents/code/micronx8t/src/nxth7p/HttpContentType.ts": {"path":"/home/leone/Documents/code/micronx8t/src/nxth7p/HttpContentType.ts","statementMap":{"0":{"start":{"line":1,"column":0},"end":{"line":1,"column":null}},"1":{"start":{"line":2,"column":2},"end":{"line":2,"column":null}},"2":{"start":{"line":3,"column":2},"end":{"line":3,"column":null}},"3":{"start":{"line":6,"column":0},"end":{"line":6,"column":31}}},"fnMap":{"0":{"name":"(anonymous_0)","decl":{"start":{"line":1,"column":0},"end":{"line":1,"column":5}},"loc":{"start":{"line":1,"column":20},"end":{"line":4,"column":1}}}},"branchMap":{"0":{"loc":{"start":{"line":1,"column":5},"end":{"line":1,"column":null}},"type":"binary-expr","locations":[{"start":{"line":1,"column":5},"end":{"line":1,"column":20}},{"start":{"line":1,"column":5},"end":{"line":1,"column":null}}]}},"s":{"0":3,"1":3,"2":3,"3":3},"f":{"0":3},"b":{"0":[3,3]}}
,"/home/leone/Documents/code/micronx8t/src/nxth7p/HttpCtrl.ts": {"path":"/home/leone/Documents/code/micronx8t/src/nxth7p/HttpCtrl.ts","statementMap":{"0":{"start":{"line":1,"column":0},"end":{"line":1,"column":37}},"1":{"start":{"line":10,"column":2},"end":{"line":10,"column":21}},"2":{"start":{"line":17,"column":2},"end":{"line":30,"column":null}},"3":{"start":{"line":18,"column":17},"end":{"line":18,"column":19}},"4":{"start":{"line":20,"column":4},"end":{"line":28,"column":null}},"5":{"start":{"line":21,"column":21},"end":{"line":21,"column":38}},"6":{"start":{"line":22,"column":6},"end":{"line":24,"column":null}},"7":{"start":{"line":23,"column":8},"end":{"line":23,"column":17}},"8":{"start":{"line":25,"column":6},"end":{"line":27,"column":null}},"9":{"start":{"line":26,"column":8},"end":{"line":26,"column":14}},"10":{"start":{"line":29,"column":4},"end":{"line":29,"column":72}},"11":{"start":{"line":32,"column":2},"end":{"line":37,"column":null}},"12":{"start":{"line":33,"column":4},"end":{"line":36,"column":7}},"13":{"start":{"line":34,"column":6},"end":{"line":34,"column":33}},"14":{"start":{"line":34,"column":22},"end":{"line":34,"column":33}},"15":{"start":{"line":35,"column":6},"end":{"line":35,"column":16}},"16":{"start":{"line":39,"column":2},"end":{"line":59,"column":null}},"17":{"start":{"line":40,"column":19},"end":{"line":40,"column":35}},"18":{"start":{"line":41,"column":16},"end":{"line":41,"column":18}},"19":{"start":{"line":43,"column":43},"end":{"line":43,"column":47}},"20":{"start":{"line":44,"column":4},"end":{"line":57,"column":null}},"21":{"start":{"line":45,"column":6},"end":{"line":47,"column":null}},"22":{"start":{"line":46,"column":8},"end":{"line":46,"column":17}},"23":{"start":{"line":48,"column":29},"end":{"line":48,"column":70}},"24":{"start":{"line":49,"column":26},"end":{"line":49,"column":60}},"25":{"start":{"line":50,"column":24},"end":{"line":50,"column":62}},"26":{"start":{"line":51,"column":26},"end":{"line":51,"column":66}},"27":{"start":{"line":52,"column":6},"end":{"line":56,"column":null}},"28":{"start":{"line":53,"column":8},"end":{"line":53,"column":52}},"29":{"start":{"line":54,"column":8},"end":{"line":54,"column":49}},"30":{"start":{"line":55,"column":8},"end":{"line":55,"column":14}},"31":{"start":{"line":58,"column":4},"end":{"line":58,"column":22}},"32":{"start":{"line":61,"column":2},"end":{"line":69,"column":null}},"33":{"start":{"line":62,"column":17},"end":{"line":62,"column":34}},"34":{"start":{"line":63,"column":4},"end":{"line":68,"column":7}},"35":{"start":{"line":64,"column":22},"end":{"line":66,"column":8}},"36":{"start":{"line":65,"column":8},"end":{"line":65,"column":38}},"37":{"start":{"line":67,"column":6},"end":{"line":67,"column":21}},"38":{"start":{"line":14,"column":4},"end":{"line":14,"column":28}},"39":{"start":{"line":72,"column":0},"end":{"line":72,"column":24}}},"fnMap":{"0":{"name":"(anonymous_0)","decl":{"start":{"line":13,"column":2},"end":{"line":13,"column":14}},"loc":{"start":{"line":13,"column":27},"end":{"line":15,"column":3}}},"1":{"name":"(anonymous_1)","decl":{"start":{"line":17,"column":16},"end":{"line":17,"column":17}},"loc":{"start":{"line":17,"column":63},"end":{"line":30,"column":3}}},"2":{"name":"(anonymous_2)","decl":{"start":{"line":32,"column":18},"end":{"line":32,"column":19}},"loc":{"start":{"line":32,"column":32},"end":{"line":37,"column":3}}},"3":{"name":"(anonymous_3)","decl":{"start":{"line":33,"column":28},"end":{"line":33,"column":29}},"loc":{"start":{"line":33,"column":35},"end":{"line":36,"column":5}}},"4":{"name":"(anonymous_4)","decl":{"start":{"line":39,"column":10},"end":{"line":39,"column":11}},"loc":{"start":{"line":39,"column":49},"end":{"line":59,"column":3}}},"5":{"name":"(anonymous_5)","decl":{"start":{"line":61,"column":14},"end":{"line":61,"column":17}},"loc":{"start":{"line":61,"column":19},"end":{"line":69,"column":3}}},"6":{"name":"(anonymous_6)","decl":{"start":{"line":63,"column":23},"end":{"line":63,"column":24}},"loc":{"start":{"line":63,"column":31},"end":{"line":68,"column":5}}},"7":{"name":"(anonymous_7)","decl":{"start":{"line":64,"column":37},"end":{"line":64,"column":38}},"loc":{"start":{"line":64,"column":48},"end":{"line":66,"column":7}}}},"branchMap":{"0":{"loc":{"start":{"line":22,"column":6},"end":{"line":24,"column":null}},"type":"if","locations":[{"start":{"line":22,"column":6},"end":{"line":24,"column":null}}]},"1":{"loc":{"start":{"line":25,"column":6},"end":{"line":27,"column":null}},"type":"if","locations":[{"start":{"line":25,"column":6},"end":{"line":27,"column":null}}]},"2":{"loc":{"start":{"line":29,"column":11},"end":{"line":29,"column":71}},"type":"binary-expr","locations":[{"start":{"line":29,"column":11},"end":{"line":29,"column":40}},{"start":{"line":29,"column":44},"end":{"line":29,"column":71}}]},"3":{"loc":{"start":{"line":34,"column":6},"end":{"line":34,"column":33}},"type":"if","locations":[{"start":{"line":34,"column":6},"end":{"line":34,"column":33}}]},"4":{"loc":{"start":{"line":45,"column":6},"end":{"line":47,"column":null}},"type":"if","locations":[{"start":{"line":45,"column":6},"end":{"line":47,"column":null}}]},"5":{"loc":{"start":{"line":52,"column":6},"end":{"line":56,"column":null}},"type":"if","locations":[{"start":{"line":52,"column":6},"end":{"line":56,"column":null}}]},"6":{"loc":{"start":{"line":14,"column":16},"end":{"line":14,"column":27}},"type":"binary-expr","locations":[{"start":{"line":14,"column":16},"end":{"line":14,"column":20}},{"start":{"line":14,"column":24},"end":{"line":14,"column":27}}]}},"s":{"0":3,"1":3,"2":3,"3":18,"4":18,"5":36,"6":36,"7":0,"8":36,"9":7,"10":18,"11":3,"12":36,"13":76,"14":46,"15":30,"16":3,"17":12,"18":12,"19":12,"20":12,"21":29,"22":11,"23":18,"24":18,"25":18,"26":18,"27":18,"28":11,"29":11,"30":11,"31":12,"32":3,"33":12,"34":12,"35":104,"36":684,"37":104,"38":3,"39":3},"f":{"0":3,"1":18,"2":36,"3":76,"4":12,"5":12,"6":104,"7":684},"b":{"0":[0],"1":[7],"2":[18,11],"3":[46],"4":[11],"5":[11],"6":[3,3]}}
,"/home/leone/Documents/code/micronx8t/src/nxth7p/HttpErr.ts": {"path":"/home/leone/Documents/code/micronx8t/src/nxth7p/HttpErr.ts","statementMap":{"0":{"start":{"line":7,"column":4},"end":{"line":7,"column":48}},"1":{"start":{"line":8,"column":4},"end":{"line":12,"column":7}},"2":{"start":{"line":1,"column":0},"end":{"line":1,"column":21}}},"fnMap":{"0":{"name":"(anonymous_0)","decl":{"start":{"line":6,"column":2},"end":{"line":6,"column":14}},"loc":{"start":{"line":6,"column":37},"end":{"line":13,"column":3}}}},"branchMap":{"0":{"loc":{"start":{"line":7,"column":23},"end":{"line":7,"column":47}},"type":"binary-expr","locations":[{"start":{"line":7,"column":23},"end":{"line":7,"column":40}},{"start":{"line":7,"column":44},"end":{"line":7,"column":47}}]}},"s":{"0":4,"1":4,"2":3},"f":{"0":4},"b":{"0":[4,0]}}
,"/home/leone/Documents/code/micronx8t/src/nxth7p/HttpMd.ts": {"path":"/home/leone/Documents/code/micronx8t/src/nxth7p/HttpMd.ts","statementMap":{"0":{"start":{"line":1,"column":0},"end":{"line":1,"column":null}},"1":{"start":{"line":2,"column":2},"end":{"line":2,"column":null}},"2":{"start":{"line":3,"column":2},"end":{"line":3,"column":null}},"3":{"start":{"line":4,"column":2},"end":{"line":4,"column":null}},"4":{"start":{"line":5,"column":2},"end":{"line":5,"column":null}},"5":{"start":{"line":6,"column":2},"end":{"line":6,"column":null}},"6":{"start":{"line":7,"column":2},"end":{"line":7,"column":null}},"7":{"start":{"line":8,"column":2},"end":{"line":8,"column":null}},"8":{"start":{"line":9,"column":2},"end":{"line":9,"column":null}},"9":{"start":{"line":10,"column":2},"end":{"line":10,"column":null}},"10":{"start":{"line":13,"column":13},"end":{"line":13,"column":45}},"11":{"start":{"line":15,"column":0},"end":{"line":15,"column":22}}},"fnMap":{"0":{"name":"(anonymous_0)","decl":{"start":{"line":1,"column":0},"end":{"line":1,"column":5}},"loc":{"start":{"line":1,"column":11},"end":{"line":11,"column":1}}}},"branchMap":{"0":{"loc":{"start":{"line":1,"column":5},"end":{"line":1,"column":null}},"type":"binary-expr","locations":[{"start":{"line":1,"column":5},"end":{"line":1,"column":11}},{"start":{"line":1,"column":5},"end":{"line":1,"column":null}}]}},"s":{"0":3,"1":3,"2":3,"3":3,"4":3,"5":3,"6":3,"7":3,"8":3,"9":3,"10":3,"11":3},"f":{"0":3},"b":{"0":[3,3]}}
,"/home/leone/Documents/code/micronx8t/src/nxth7p/HttpReq.ts": {"path":"/home/leone/Documents/code/micronx8t/src/nxth7p/HttpReq.ts","statementMap":{"0":{"start":{"line":1,"column":0},"end":{"line":1,"column":32}},"1":{"start":{"line":2,"column":0},"end":{"line":2,"column":45}},"2":{"start":{"line":14,"column":2},"end":{"line":34,"column":null}},"3":{"start":{"line":15,"column":19},"end":{"line":15,"column":55}},"4":{"start":{"line":16,"column":4},"end":{"line":19,"column":null}},"5":{"start":{"line":17,"column":6},"end":{"line":17,"column":24}},"6":{"start":{"line":18,"column":6},"end":{"line":18,"column":13}},"7":{"start":{"line":20,"column":4},"end":{"line":27,"column":7}},"8":{"start":{"line":21,"column":6},"end":{"line":25,"column":null}},"9":{"start":{"line":22,"column":8},"end":{"line":24,"column":11}},"10":{"start":{"line":26,"column":6},"end":{"line":26,"column":19}},"11":{"start":{"line":29,"column":4},"end":{"line":33,"column":7}},"12":{"start":{"line":13,"column":0},"end":{"line":13,"column":16}},"13":{"start":{"line":38,"column":13},"end":{"line":38,"column":15}},"14":{"start":{"line":39,"column":2},"end":{"line":77,"column":5}},"15":{"start":{"line":40,"column":4},"end":{"line":43,"column":null}},"16":{"start":{"line":41,"column":6},"end":{"line":41,"column":22}},"17":{"start":{"line":42,"column":6},"end":{"line":42,"column":23}},"18":{"start":{"line":44,"column":4},"end":{"line":46,"column":7}},"19":{"start":{"line":45,"column":6},"end":{"line":45,"column":20}},"20":{"start":{"line":47,"column":4},"end":{"line":70,"column":7}},"21":{"start":{"line":48,"column":6},"end":{"line":51,"column":null}},"22":{"start":{"line":49,"column":8},"end":{"line":49,"column":24}},"23":{"start":{"line":50,"column":8},"end":{"line":50,"column":25}},"24":{"start":{"line":52,"column":6},"end":{"line":69,"column":null}},"25":{"start":{"line":53,"column":23},"end":{"line":60,"column":10}},"26":{"start":{"line":54,"column":10},"end":{"line":58,"column":null}},"27":{"start":{"line":55,"column":12},"end":{"line":57,"column":15}},"28":{"start":{"line":59,"column":10},"end":{"line":59,"column":23}},"29":{"start":{"line":61,"column":8},"end":{"line":61,"column":28}},"30":{"start":{"line":62,"column":8},"end":{"line":62,"column":18}},"31":{"start":{"line":64,"column":8},"end":{"line":68,"column":12}},"32":{"start":{"line":71,"column":4},"end":{"line":76,"column":null}},"33":{"start":{"line":72,"column":6},"end":{"line":75,"column":10}},"34":{"start":{"line":37,"column":0},"end":{"line":37,"column":16}},"35":{"start":{"line":81,"column":2},"end":{"line":85,"column":null}},"36":{"start":{"line":82,"column":4},"end":{"line":84,"column":7}},"37":{"start":{"line":86,"column":16},"end":{"line":86,"column":30}},"38":{"start":{"line":87,"column":14},"end":{"line":87,"column":40}},"39":{"start":{"line":88,"column":2},"end":{"line":88,"column":41}},"40":{"start":{"line":89,"column":2},"end":{"line":89,"column":20}},"41":{"start":{"line":90,"column":2},"end":{"line":90,"column":null}},"42":{"start":{"line":91,"column":2},"end":{"line":91,"column":15}},"43":{"start":{"line":80,"column":0},"end":{"line":80,"column":7}}},"fnMap":{"0":{"name":"parse_param_filter_json","decl":{"start":{"line":13,"column":16},"end":{"line":13,"column":39}},"loc":{"start":{"line":13,"column":52},"end":{"line":35,"column":1}}},"1":{"name":"(anonymous_2)","decl":{"start":{"line":20,"column":38},"end":{"line":20,"column":48}},"loc":{"start":{"line":20,"column":58},"end":{"line":27,"column":5}}},"2":{"name":"parse_body_json","decl":{"start":{"line":37,"column":16},"end":{"line":37,"column":31}},"loc":{"start":{"line":37,"column":44},"end":{"line":78,"column":1}}},"3":{"name":"(anonymous_4)","decl":{"start":{"line":39,"column":27},"end":{"line":39,"column":28}},"loc":{"start":{"line":39,"column":47},"end":{"line":77,"column":3}}},"4":{"name":"(anonymous_5)","decl":{"start":{"line":44,"column":19},"end":{"line":44,"column":20}},"loc":{"start":{"line":44,"column":29},"end":{"line":46,"column":5}}},"5":{"name":"(anonymous_6)","decl":{"start":{"line":47,"column":18},"end":{"line":47,"column":21}},"loc":{"start":{"line":47,"column":23},"end":{"line":70,"column":5}}},"6":{"name":"(anonymous_7)","decl":{"start":{"line":53,"column":40},"end":{"line":53,"column":50}},"loc":{"start":{"line":53,"column":60},"end":{"line":60,"column":9}}},"7":{"name":"(anonymous_8)","decl":{"start":{"line":71,"column":20},"end":{"line":71,"column":21}},"loc":{"start":{"line":71,"column":28},"end":{"line":76,"column":5}}},"8":{"name":"parse_request","decl":{"start":{"line":80,"column":22},"end":{"line":80,"column":35}},"loc":{"start":{"line":80,"column":56},"end":{"line":92,"column":1}}}},"branchMap":{"0":{"loc":{"start":{"line":16,"column":4},"end":{"line":19,"column":null}},"type":"if","locations":[{"start":{"line":16,"column":4},"end":{"line":19,"column":null}}]},"1":{"loc":{"start":{"line":21,"column":6},"end":{"line":25,"column":null}},"type":"if","locations":[{"start":{"line":21,"column":6},"end":{"line":25,"column":null}}]},"2":{"loc":{"start":{"line":21,"column":10},"end":{"line":21,"column":50}},"type":"binary-expr","locations":[{"start":{"line":21,"column":10},"end":{"line":21,"column":21}},{"start":{"line":21,"column":25},"end":{"line":21,"column":50}}]},"3":{"loc":{"start":{"line":31,"column":19},"end":{"line":31,"column":41}},"type":"binary-expr","locations":[{"start":{"line":31,"column":19},"end":{"line":31,"column":34}},{"start":{"line":31,"column":38},"end":{"line":31,"column":41}}]},"4":{"loc":{"start":{"line":40,"column":4},"end":{"line":43,"column":null}},"type":"if","locations":[{"start":{"line":40,"column":4},"end":{"line":43,"column":null}}]},"5":{"loc":{"start":{"line":48,"column":6},"end":{"line":51,"column":null}},"type":"if","locations":[{"start":{"line":48,"column":6},"end":{"line":51,"column":null}}]},"6":{"loc":{"start":{"line":54,"column":10},"end":{"line":58,"column":null}},"type":"if","locations":[{"start":{"line":54,"column":10},"end":{"line":58,"column":null}}]},"7":{"loc":{"start":{"line":54,"column":14},"end":{"line":54,"column":54}},"type":"binary-expr","locations":[{"start":{"line":54,"column":14},"end":{"line":54,"column":25}},{"start":{"line":54,"column":29},"end":{"line":54,"column":54}}]},"8":{"loc":{"start":{"line":81,"column":2},"end":{"line":85,"column":null}},"type":"if","locations":[{"start":{"line":81,"column":2},"end":{"line":85,"column":null}}]},"9":{"loc":{"start":{"line":81,"column":6},"end":{"line":81,"column":52}},"type":"binary-expr","locations":[{"start":{"line":81,"column":6},"end":{"line":81,"column":17}},{"start":{"line":81,"column":21},"end":{"line":81,"column":52}}]},"10":{"loc":{"start":{"line":87,"column":15},"end":{"line":87,"column":28}},"type":"binary-expr","locations":[{"start":{"line":87,"column":15},"end":{"line":87,"column":22}},{"start":{"line":87,"column":26},"end":{"line":87,"column":28}}]}},"s":{"0":3,"1":3,"2":10,"3":10,"4":10,"5":8,"6":8,"7":2,"8":3,"9":1,"10":2,"11":1,"12":3,"13":11,"14":11,"15":11,"16":8,"17":8,"18":3,"19":3,"20":3,"21":3,"22":0,"23":0,"24":3,"25":3,"26":4,"27":0,"28":4,"29":2,"30":2,"31":1,"32":3,"33":0,"34":3,"35":12,"36":0,"37":12,"38":12,"39":12,"40":12,"41":12,"42":12,"43":3},"f":{"0":10,"1":3,"2":11,"3":11,"4":3,"5":3,"6":4,"7":0,"8":12},"b":{"0":[8],"1":[1],"2":[3,2],"3":[1,0],"4":[8],"5":[0],"6":[0],"7":[4,2],"8":[0],"9":[12,12],"10":[12,0]}}
,"/home/leone/Documents/code/micronx8t/src/nxth7p/HttpRes.ts": {"path":"/home/leone/Documents/code/micronx8t/src/nxth7p/HttpRes.ts","statementMap":{"0":{"start":{"line":7,"column":4},"end":{"line":7,"column":26}},"1":{"start":{"line":8,"column":4},"end":{"line":8,"column":40}},"2":{"start":{"line":9,"column":4},"end":{"line":9,"column":42}},"3":{"start":{"line":13,"column":0},"end":{"line":13,"column":23}}},"fnMap":{"0":{"name":"(anonymous_0)","decl":{"start":{"line":6,"column":2},"end":{"line":6,"column":14}},"loc":{"start":{"line":6,"column":27},"end":{"line":10,"column":3}}}},"branchMap":{},"s":{"0":9,"1":9,"2":9,"3":3},"f":{"0":9},"b":{}}
,"/home/leone/Documents/code/micronx8t/src/nxth7p/HttpRoute.ts": {"path":"/home/leone/Documents/code/micronx8t/src/nxth7p/HttpRoute.ts","statementMap":{"0":{"start":{"line":1,"column":0},"end":{"line":1,"column":48}},"1":{"start":{"line":41,"column":2},"end":{"line":43,"column":null}},"2":{"start":{"line":42,"column":4},"end":{"line":42,"column":17}},"3":{"start":{"line":35,"column":23},"end":{"line":35,"column":31}},"4":{"start":{"line":36,"column":4},"end":{"line":36,"column":19}},"5":{"start":{"line":37,"column":4},"end":{"line":37,"column":19}},"6":{"start":{"line":38,"column":4},"end":{"line":38,"column":23}},"7":{"start":{"line":28,"column":0},"end":{"line":28,"column":21}},"8":{"start":{"line":52,"column":21},"end":{"line":64,"column":5}},"9":{"start":{"line":52,"column":45},"end":{"line":64,"column":4}},"10":{"start":{"line":65,"column":2},"end":{"line":65,"column":45}},"11":{"start":{"line":51,"column":0},"end":{"line":51,"column":16}}},"fnMap":{"0":{"name":"(anonymous_1)","decl":{"start":{"line":34,"column":2},"end":{"line":34,"column":14}},"loc":{"start":{"line":34,"column":37},"end":{"line":39,"column":3}}},"1":{"name":"(anonymous_2)","decl":{"start":{"line":41,"column":32},"end":{"line":41,"column":33}},"loc":{"start":{"line":41,"column":39},"end":{"line":43,"column":3}}},"2":{"name":"create_route","decl":{"start":{"line":51,"column":16},"end":{"line":51,"column":28}},"loc":{"start":{"line":51,"column":28},"end":{"line":66,"column":1}}},"3":{"name":"(anonymous_4)","decl":{"start":{"line":52,"column":39},"end":{"line":52,"column":42}},"loc":{"start":{"line":52,"column":45},"end":{"line":64,"column":4}}}},"branchMap":{},"s":{"0":3,"1":11,"2":11,"3":11,"4":11,"5":11,"6":11,"7":3,"8":11,"9":11,"10":11,"11":3},"f":{"0":11,"1":11,"2":11,"3":11},"b":{}}
,"/home/leone/Documents/code/micronx8t/src/nxth7p/debug.ts": {"path":"/home/leone/Documents/code/micronx8t/src/nxth7p/debug.ts","statementMap":{"0":{"start":{"line":1,"column":0},"end":{"line":1,"column":24}},"1":{"start":{"line":3,"column":0},"end":{"line":3,"column":39}}},"fnMap":{},"branchMap":{},"s":{"0":3,"1":3},"f":{},"b":{}}
,"/home/leone/Documents/code/micronx8t/src/nxth7p/http.ts": {"path":"/home/leone/Documents/code/micronx8t/src/nxth7p/http.ts","statementMap":{"0":{"start":{"line":1,"column":0},"end":{"line":1,"column":34}},"1":{"start":{"line":3,"column":0},"end":{"line":3,"column":26}},"2":{"start":{"line":4,"column":0},"end":{"line":4,"column":84}},"3":{"start":{"line":12,"column":0},"end":{"line":12,"column":32}},"4":{"start":{"line":13,"column":0},"end":{"line":13,"column":32}},"5":{"start":{"line":17,"column":0},"end":{"line":17,"column":48}},"6":{"start":{"line":18,"column":0},"end":{"line":18,"column":30}},"7":{"start":{"line":21,"column":2},"end":{"line":21,"column":20}},"8":{"start":{"line":22,"column":2},"end":{"line":22,"column":19}},"9":{"start":{"line":24,"column":2},"end":{"line":24,"column":25}},"10":{"start":{"line":31,"column":10},"end":{"line":39,"column":null}},"11":{"start":{"line":32,"column":4},"end":{"line":34,"column":7}},"12":{"start":{"line":33,"column":6},"end":{"line":33,"column":19}},"13":{"start":{"line":36,"column":4},"end":{"line":38,"column":7}},"14":{"start":{"line":37,"column":6},"end":{"line":37,"column":19}},"15":{"start":{"line":41,"column":10},"end":{"line":78,"column":null}},"16":{"start":{"line":42,"column":16},"end":{"line":42,"column":18}},"17":{"start":{"line":44,"column":43},"end":{"line":44,"column":47}},"18":{"start":{"line":45,"column":4},"end":{"line":50,"column":null}},"19":{"start":{"line":46,"column":6},"end":{"line":46,"column":35}},"20":{"start":{"line":47,"column":6},"end":{"line":49,"column":null}},"21":{"start":{"line":48,"column":8},"end":{"line":48,"column":14}},"22":{"start":{"line":51,"column":4},"end":{"line":55,"column":null}},"23":{"start":{"line":52,"column":6},"end":{"line":54,"column":9}},"24":{"start":{"line":56,"column":4},"end":{"line":61,"column":null}},"25":{"start":{"line":57,"column":6},"end":{"line":60,"column":9}},"26":{"start":{"line":62,"column":4},"end":{"line":64,"column":null}},"27":{"start":{"line":63,"column":6},"end":{"line":63,"column":33}},"28":{"start":{"line":65,"column":4},"end":{"line":67,"column":null}},"29":{"start":{"line":66,"column":6},"end":{"line":66,"column":35}},"30":{"start":{"line":68,"column":21},"end":{"line":68,"column":50}},"31":{"start":{"line":69,"column":19},"end":{"line":69,"column":27}},"32":{"start":{"line":70,"column":4},"end":{"line":72,"column":null}},"33":{"start":{"line":71,"column":6},"end":{"line":71,"column":42}},"34":{"start":{"line":73,"column":4},"end":{"line":77,"column":7}},"35":{"start":{"line":80,"column":10},"end":{"line":95,"column":null}},"36":{"start":{"line":81,"column":4},"end":{"line":94,"column":7}},"37":{"start":{"line":82,"column":6},"end":{"line":82,"column":46}},"38":{"start":{"line":83,"column":6},"end":{"line":83,"column":48}},"39":{"start":{"line":85,"column":6},"end":{"line":85,"column":56}},"40":{"start":{"line":86,"column":6},"end":{"line":86,"column":48}},"41":{"start":{"line":87,"column":6},"end":{"line":87,"column":78}},"42":{"start":{"line":88,"column":6},"end":{"line":88,"column":26}},"43":{"start":{"line":90,"column":6},"end":{"line":90,"column":51}},"44":{"start":{"line":91,"column":6},"end":{"line":91,"column":46}},"45":{"start":{"line":92,"column":6},"end":{"line":92,"column":56}},"46":{"start":{"line":93,"column":6},"end":{"line":93,"column":24}},"47":{"start":{"line":97,"column":9},"end":{"line":99,"column":null}},"48":{"start":{"line":98,"column":4},"end":{"line":98,"column":26}},"49":{"start":{"line":101,"column":9},"end":{"line":104,"column":null}},"50":{"start":{"line":102,"column":4},"end":{"line":102,"column":24}},"51":{"start":{"line":103,"column":4},"end":{"line":103,"column":37}},"52":{"start":{"line":106,"column":9},"end":{"line":114,"column":null}},"53":{"start":{"line":107,"column":4},"end":{"line":107,"column":21}},"54":{"start":{"line":108,"column":4},"end":{"line":108,"column":26}},"55":{"start":{"line":109,"column":19},"end":{"line":109,"column":28}},"56":{"start":{"line":110,"column":4},"end":{"line":112,"column":null}},"57":{"start":{"line":111,"column":6},"end":{"line":111,"column":45}},"58":{"start":{"line":113,"column":4},"end":{"line":113,"column":44}},"59":{"start":{"line":27,"column":4},"end":{"line":27,"column":49}},"60":{"start":{"line":28,"column":4},"end":{"line":28,"column":23}},"61":{"start":{"line":117,"column":0},"end":{"line":117,"column":22}}},"fnMap":{"0":{"name":"(anonymous_1)","decl":{"start":{"line":26,"column":2},"end":{"line":26,"column":null}},"loc":{"start":{"line":26,"column":2},"end":{"line":29,"column":3}}},"1":{"name":"(anonymous_2)","decl":{"start":{"line":31,"column":24},"end":{"line":31,"column":27}},"loc":{"start":{"line":31,"column":29},"end":{"line":39,"column":3}}},"2":{"name":"(anonymous_3)","decl":{"start":{"line":32,"column":25},"end":{"line":32,"column":28}},"loc":{"start":{"line":32,"column":30},"end":{"line":34,"column":5}}},"3":{"name":"(anonymous_4)","decl":{"start":{"line":36,"column":23},"end":{"line":36,"column":26}},"loc":{"start":{"line":36,"column":28},"end":{"line":38,"column":5}}},"4":{"name":"(anonymous_5)","decl":{"start":{"line":41,"column":30},"end":{"line":41,"column":35}},"loc":{"start":{"line":41,"column":92},"end":{"line":78,"column":3}}},"5":{"name":"(anonymous_6)","decl":{"start":{"line":80,"column":24},"end":{"line":80,"column":25}},"loc":{"start":{"line":80,"column":70},"end":{"line":95,"column":3}}},"6":{"name":"(anonymous_7)","decl":{"start":{"line":81,"column":28},"end":{"line":81,"column":29}},"loc":{"start":{"line":81,"column":38},"end":{"line":84,"column":5}}},"7":{"name":"(anonymous_8)","decl":{"start":{"line":84,"column":12},"end":{"line":84,"column":13}},"loc":{"start":{"line":84,"column":22},"end":{"line":89,"column":5}}},"8":{"name":"(anonymous_9)","decl":{"start":{"line":89,"column":13},"end":{"line":89,"column":14}},"loc":{"start":{"line":89,"column":30},"end":{"line":94,"column":5}}},"9":{"name":"(anonymous_10)","decl":{"start":{"line":97,"column":26},"end":{"line":97,"column":27}},"loc":{"start":{"line":97,"column":45},"end":{"line":99,"column":3}}},"10":{"name":"(anonymous_11)","decl":{"start":{"line":101,"column":17},"end":{"line":101,"column":22}},"loc":{"start":{"line":101,"column":28},"end":{"line":104,"column":3}}},"11":{"name":"(anonymous_12)","decl":{"start":{"line":106,"column":18},"end":{"line":106,"column":19}},"loc":{"start":{"line":106,"column":50},"end":{"line":114,"column":3}}}},"branchMap":{"0":{"loc":{"start":{"line":47,"column":6},"end":{"line":49,"column":null}},"type":"if","locations":[{"start":{"line":47,"column":6},"end":{"line":49,"column":null}}]},"1":{"loc":{"start":{"line":51,"column":4},"end":{"line":55,"column":null}},"type":"if","locations":[{"start":{"line":51,"column":4},"end":{"line":55,"column":null}}]},"2":{"loc":{"start":{"line":56,"column":4},"end":{"line":61,"column":null}},"type":"if","locations":[{"start":{"line":56,"column":4},"end":{"line":61,"column":null}}]},"3":{"loc":{"start":{"line":62,"column":4},"end":{"line":64,"column":null}},"type":"if","locations":[{"start":{"line":62,"column":4},"end":{"line":64,"column":null}}]},"4":{"loc":{"start":{"line":65,"column":4},"end":{"line":67,"column":null}},"type":"if","locations":[{"start":{"line":65,"column":4},"end":{"line":67,"column":null}}]},"5":{"loc":{"start":{"line":70,"column":4},"end":{"line":72,"column":null}},"type":"if","locations":[{"start":{"line":70,"column":4},"end":{"line":72,"column":null}}]},"6":{"loc":{"start":{"line":86,"column":23},"end":{"line":86,"column":47}},"type":"binary-expr","locations":[{"start":{"line":86,"column":23},"end":{"line":86,"column":40}},{"start":{"line":86,"column":44},"end":{"line":86,"column":47}}]},"7":{"loc":{"start":{"line":87,"column":36},"end":{"line":87,"column":76}},"type":"binary-expr","locations":[{"start":{"line":87,"column":36},"end":{"line":87,"column":54}},{"start":{"line":87,"column":58},"end":{"line":87,"column":76}}]},"8":{"loc":{"start":{"line":91,"column":23},"end":{"line":91,"column":45}},"type":"binary-expr","locations":[{"start":{"line":91,"column":23},"end":{"line":91,"column":38}},{"start":{"line":91,"column":42},"end":{"line":91,"column":45}}]},"9":{"loc":{"start":{"line":108,"column":16},"end":{"line":108,"column":25}},"type":"binary-expr","locations":[{"start":{"line":108,"column":16},"end":{"line":108,"column":20}},{"start":{"line":108,"column":24},"end":{"line":108,"column":25}}]},"10":{"loc":{"start":{"line":110,"column":4},"end":{"line":112,"column":null}},"type":"if","locations":[{"start":{"line":110,"column":4},"end":{"line":112,"column":null}}]}},"s":{"0":3,"1":3,"2":3,"3":3,"4":3,"5":3,"6":3,"7":3,"8":3,"9":3,"10":3,"11":3,"12":0,"13":3,"14":0,"15":3,"16":12,"17":12,"18":12,"19":12,"20":12,"21":11,"22":12,"23":1,"24":11,"25":0,"26":11,"27":11,"28":10,"29":10,"30":9,"31":9,"32":9,"33":9,"34":9,"35":3,"36":12,"37":12,"38":12,"39":9,"40":9,"41":9,"42":9,"43":3,"44":3,"45":3,"46":3,"47":3,"48":3,"49":3,"50":3,"51":3,"52":3,"53":3,"54":3,"55":3,"56":3,"57":3,"58":3,"59":3,"60":3,"61":3},"f":{"0":3,"1":3,"2":0,"3":0,"4":12,"5":12,"6":12,"7":9,"8":3,"9":3,"10":3,"11":3},"b":{"0":[11],"1":[1],"2":[0],"3":[11],"4":[10],"5":[9],"6":[9,0],"7":[9,0],"8":[3,0],"9":[3,3],"10":[3]}}
,"/home/leone/Documents/code/micronx8t/src/nxth7p/index.ts": {"path":"/home/leone/Documents/code/micronx8t/src/nxth7p/index.ts","statementMap":{"0":{"start":{"line":1,"column":0},"end":{"line":1,"column":26}},"1":{"start":{"line":3,"column":0},"end":{"line":3,"column":20}}},"fnMap":{},"branchMap":{},"s":{"0":3,"1":3},"f":{},"b":{}}
,"/home/leone/Documents/code/micronx8t/test/nxth7p/helper.ts": {"path":"/home/leone/Documents/code/micronx8t/test/nxth7p/helper.ts","statementMap":{"0":{"start":{"line":1,"column":0},"end":{"line":1,"column":38}},"1":{"start":{"line":2,"column":0},"end":{"line":2,"column":49}},"2":{"start":{"line":3,"column":0},"end":{"line":3,"column":58}},"3":{"start":{"line":5,"column":13},"end":{"line":5,"column":40}},"4":{"start":{"line":8,"column":2},"end":{"line":16,"column":null}},"5":{"start":{"line":9,"column":32},"end":{"line":9,"column":46}},"6":{"start":{"line":10,"column":4},"end":{"line":14,"column":7}},"7":{"start":{"line":11,"column":6},"end":{"line":13,"column":null}},"8":{"start":{"line":15,"column":4},"end":{"line":15,"column":17}},"9":{"start":{"line":18,"column":2},"end":{"line":24,"column":null}},"10":{"start":{"line":19,"column":32},"end":{"line":19,"column":46}},"11":{"start":{"line":20,"column":4},"end":{"line":22,"column":7}},"12":{"start":{"line":21,"column":6},"end":{"line":21,"column":50}},"13":{"start":{"line":23,"column":4},"end":{"line":23,"column":17}},"14":{"start":{"line":26,"column":2},"end":{"line":32,"column":null}},"15":{"start":{"line":27,"column":32},"end":{"line":27,"column":46}},"16":{"start":{"line":28,"column":4},"end":{"line":30,"column":7}},"17":{"start":{"line":29,"column":6},"end":{"line":29,"column":46}},"18":{"start":{"line":31,"column":4},"end":{"line":31,"column":17}},"19":{"start":{"line":34,"column":2},"end":{"line":40,"column":null}},"20":{"start":{"line":35,"column":32},"end":{"line":35,"column":46}},"21":{"start":{"line":36,"column":4},"end":{"line":38,"column":7}},"22":{"start":{"line":37,"column":6},"end":{"line":37,"column":46}},"23":{"start":{"line":39,"column":4},"end":{"line":39,"column":17}},"24":{"start":{"line":43,"column":18},"end":{"line":43,"column":32}},"25":{"start":{"line":45,"column":0},"end":{"line":45,"column":38}}},"fnMap":{"0":{"name":"(anonymous_1)","decl":{"start":{"line":7,"column":0},"end":{"line":7,"column":6}},"loc":{"start":{"line":7,"column":0},"end":{"line":41,"column":1}}},"1":{"name":"(anonymous_2)","decl":{"start":{"line":8,"column":12},"end":{"line":8,"column":15}},"loc":{"start":{"line":8,"column":17},"end":{"line":16,"column":3}}},"2":{"name":"(anonymous_3)","decl":{"start":{"line":10,"column":15},"end":{"line":10,"column":20}},"loc":{"start":{"line":10,"column":26},"end":{"line":14,"column":5}}},"3":{"name":"(anonymous_4)","decl":{"start":{"line":18,"column":16},"end":{"line":18,"column":19}},"loc":{"start":{"line":18,"column":21},"end":{"line":24,"column":3}}},"4":{"name":"(anonymous_5)","decl":{"start":{"line":20,"column":15},"end":{"line":20,"column":20}},"loc":{"start":{"line":20,"column":29},"end":{"line":22,"column":5}}},"5":{"name":"(anonymous_6)","decl":{"start":{"line":26,"column":22},"end":{"line":26,"column":25}},"loc":{"start":{"line":26,"column":27},"end":{"line":32,"column":3}}},"6":{"name":"(anonymous_7)","decl":{"start":{"line":28,"column":15},"end":{"line":28,"column":20}},"loc":{"start":{"line":28,"column":29},"end":{"line":30,"column":5}}},"7":{"name":"(anonymous_8)","decl":{"start":{"line":34,"column":24},"end":{"line":34,"column":27}},"loc":{"start":{"line":34,"column":29},"end":{"line":40,"column":3}}},"8":{"name":"(anonymous_9)","decl":{"start":{"line":36,"column":15},"end":{"line":36,"column":20}},"loc":{"start":{"line":36,"column":29},"end":{"line":38,"column":5}}}},"branchMap":{},"s":{"0":2,"1":2,"2":2,"3":2,"4":2,"5":1,"6":1,"7":1,"8":1,"9":2,"10":4,"11":4,"12":3,"13":4,"14":2,"15":3,"16":3,"17":2,"18":3,"19":2,"20":1,"21":1,"22":1,"23":1,"24":2,"25":2},"f":{"0":2,"1":1,"2":1,"3":4,"4":3,"5":3,"6":2,"7":1,"8":1},"b":{}}
}
