TN:
SF:src/deamon/deamon.ts
FN:7,(anonymous_1)
FN:8,(anonymous_2)
FN:10,(anonymous_3)
FN:18,(anonymous_4)
FN:20,(anonymous_5)
FNF:5
FNH:5
FNDA:1,(anonymous_1)
FNDA:1,(anonymous_2)
FNDA:1,(anonymous_3)
FNDA:1,(anonymous_4)
FNDA:1,(anonymous_5)
DA:1,1
DA:2,1
DA:3,1
DA:5,1
DA:8,1
DA:9,1
DA:10,1
DA:11,1
DA:15,1
DA:18,1
DA:19,1
DA:20,1
DA:21,1
DA:23,1
DA:27,1
DA:29,1
DA:31,1
LF:17
LH:17
BRF:0
BRH:0
end_of_record
TN:
SF:src/deamon/index.ts
FNF:0
FNH:0
DA:1,1
DA:3,1
LF:2
LH:2
BRF:0
BRH:0
end_of_record
TN:
SF:src/nxth7p/HttpContentType.ts
FN:1,(anonymous_0)
FNF:1
FNH:1
FNDA:3,(anonymous_0)
DA:1,3
DA:2,3
DA:3,3
DA:6,3
LF:4
LH:4
BRDA:1,0,0,3
BRDA:1,0,1,3
BRF:2
BRH:2
end_of_record
TN:
SF:src/nxth7p/HttpCtrl.ts
FN:13,(anonymous_0)
FN:17,(anonymous_1)
FN:32,(anonymous_2)
FN:33,(anonymous_3)
FN:39,(anonymous_4)
FN:61,(anonymous_5)
FN:63,(anonymous_6)
FN:64,(anonymous_7)
FNF:8
FNH:8
FNDA:3,(anonymous_0)
FNDA:18,(anonymous_1)
FNDA:36,(anonymous_2)
FNDA:76,(anonymous_3)
FNDA:12,(anonymous_4)
FNDA:12,(anonymous_5)
FNDA:104,(anonymous_6)
FNDA:684,(anonymous_7)
DA:1,3
DA:10,3
DA:14,3
DA:17,3
DA:18,18
DA:20,18
DA:21,36
DA:22,36
DA:23,0
DA:25,36
DA:26,7
DA:29,18
DA:32,3
DA:33,36
DA:34,76
DA:35,30
DA:39,3
DA:40,12
DA:41,12
DA:43,12
DA:44,12
DA:45,29
DA:46,11
DA:48,18
DA:49,18
DA:50,18
DA:51,18
DA:52,18
DA:53,11
DA:54,11
DA:55,11
DA:58,12
DA:61,3
DA:62,12
DA:63,12
DA:64,104
DA:65,684
DA:67,104
DA:72,3
LF:39
LH:38
BRDA:22,0,0,0
BRDA:25,1,0,7
BRDA:29,2,0,18
BRDA:29,2,1,11
BRDA:34,3,0,46
BRDA:45,4,0,11
BRDA:52,5,0,11
BRDA:14,6,0,3
BRDA:14,6,1,3
BRF:9
BRH:8
end_of_record
TN:
SF:src/nxth7p/HttpErr.ts
FN:6,(anonymous_0)
FNF:1
FNH:1
FNDA:4,(anonymous_0)
DA:1,3
DA:7,4
DA:8,4
LF:3
LH:3
BRDA:7,0,0,4
BRDA:7,0,1,0
BRF:2
BRH:1
end_of_record
TN:
SF:src/nxth7p/HttpMd.ts
FN:1,(anonymous_0)
FNF:1
FNH:1
FNDA:3,(anonymous_0)
DA:1,3
DA:2,3
DA:3,3
DA:4,3
DA:5,3
DA:6,3
DA:7,3
DA:8,3
DA:9,3
DA:10,3
DA:13,3
DA:15,3
LF:12
LH:12
BRDA:1,0,0,3
BRDA:1,0,1,3
BRF:2
BRH:2
end_of_record
TN:
SF:src/nxth7p/HttpReq.ts
FN:13,parse_param_filter_json
FN:20,(anonymous_2)
FN:37,parse_body_json
FN:39,(anonymous_4)
FN:44,(anonymous_5)
FN:47,(anonymous_6)
FN:53,(anonymous_7)
FN:71,(anonymous_8)
FN:80,parse_request
FNF:9
FNH:8
FNDA:10,parse_param_filter_json
FNDA:3,(anonymous_2)
FNDA:11,parse_body_json
FNDA:11,(anonymous_4)
FNDA:3,(anonymous_5)
FNDA:3,(anonymous_6)
FNDA:4,(anonymous_7)
FNDA:0,(anonymous_8)
FNDA:12,parse_request
DA:1,3
DA:2,3
DA:13,3
DA:14,10
DA:15,10
DA:16,10
DA:17,8
DA:18,8
DA:20,2
DA:21,3
DA:22,1
DA:26,2
DA:29,1
DA:37,3
DA:38,11
DA:39,11
DA:40,11
DA:41,8
DA:42,8
DA:44,3
DA:45,3
DA:47,3
DA:48,3
DA:49,0
DA:50,0
DA:52,3
DA:53,3
DA:54,4
DA:55,0
DA:59,4
DA:61,2
DA:62,2
DA:64,1
DA:71,3
DA:72,0
DA:80,3
DA:81,12
DA:82,0
DA:86,12
DA:87,12
DA:88,12
DA:89,12
DA:90,12
DA:91,12
LF:44
LH:39
BRDA:16,0,0,8
BRDA:21,1,0,1
BRDA:21,2,0,3
BRDA:21,2,1,2
BRDA:31,3,0,1
BRDA:31,3,1,0
BRDA:40,4,0,8
BRDA:48,5,0,0
BRDA:54,6,0,0
BRDA:54,7,0,4
BRDA:54,7,1,2
BRDA:81,8,0,0
BRDA:81,9,0,12
BRDA:81,9,1,12
BRDA:87,10,0,12
BRDA:87,10,1,0
BRF:16
BRH:11
end_of_record
TN:
SF:src/nxth7p/HttpRes.ts
FN:6,(anonymous_0)
FNF:1
FNH:1
FNDA:9,(anonymous_0)
DA:7,9
DA:8,9
DA:9,9
DA:13,3
LF:4
LH:4
BRF:0
BRH:0
end_of_record
TN:
SF:src/nxth7p/HttpRoute.ts
FN:34,(anonymous_1)
FN:41,(anonymous_2)
FN:51,create_route
FN:52,(anonymous_4)
FNF:4
FNH:4
FNDA:11,(anonymous_1)
FNDA:11,(anonymous_2)
FNDA:11,create_route
FNDA:11,(anonymous_4)
DA:1,3
DA:28,3
DA:35,11
DA:36,11
DA:37,11
DA:38,11
DA:41,11
DA:42,11
DA:51,3
DA:52,11
DA:65,11
LF:11
LH:11
BRF:0
BRH:0
end_of_record
TN:
SF:src/nxth7p/debug.ts
FNF:0
FNH:0
DA:1,3
DA:3,3
LF:2
LH:2
BRF:0
BRH:0
end_of_record
TN:
SF:src/nxth7p/http.ts
FN:26,(anonymous_1)
FN:31,(anonymous_2)
FN:32,(anonymous_3)
FN:36,(anonymous_4)
FN:41,(anonymous_5)
FN:80,(anonymous_6)
FN:81,(anonymous_7)
FN:84,(anonymous_8)
FN:89,(anonymous_9)
FN:97,(anonymous_10)
FN:101,(anonymous_11)
FN:106,(anonymous_12)
FNF:12
FNH:10
FNDA:3,(anonymous_1)
FNDA:3,(anonymous_2)
FNDA:0,(anonymous_3)
FNDA:0,(anonymous_4)
FNDA:12,(anonymous_5)
FNDA:12,(anonymous_6)
FNDA:12,(anonymous_7)
FNDA:9,(anonymous_8)
FNDA:3,(anonymous_9)
FNDA:3,(anonymous_10)
FNDA:3,(anonymous_11)
FNDA:3,(anonymous_12)
DA:1,3
DA:3,3
DA:4,3
DA:12,3
DA:13,3
DA:17,3
DA:18,3
DA:21,3
DA:22,3
DA:24,3
DA:27,3
DA:28,3
DA:31,3
DA:32,3
DA:33,0
DA:36,3
DA:37,0
DA:41,3
DA:42,12
DA:44,12
DA:45,12
DA:46,12
DA:47,12
DA:48,11
DA:51,12
DA:52,1
DA:56,11
DA:57,0
DA:62,11
DA:63,11
DA:65,10
DA:66,10
DA:68,9
DA:69,9
DA:70,9
DA:71,9
DA:73,9
DA:80,3
DA:81,12
DA:82,12
DA:83,12
DA:85,9
DA:86,9
DA:87,9
DA:88,9
DA:90,3
DA:91,3
DA:92,3
DA:93,3
DA:97,3
DA:98,3
DA:101,3
DA:102,3
DA:103,3
DA:106,3
DA:107,3
DA:108,3
DA:109,3
DA:110,3
DA:111,3
DA:113,3
DA:117,3
LF:62
LH:59
BRDA:47,0,0,11
BRDA:51,1,0,1
BRDA:56,2,0,0
BRDA:62,3,0,11
BRDA:65,4,0,10
BRDA:70,5,0,9
BRDA:86,6,0,9
BRDA:86,6,1,0
BRDA:87,7,0,9
BRDA:87,7,1,0
BRDA:91,8,0,3
BRDA:91,8,1,0
BRDA:108,9,0,3
BRDA:108,9,1,3
BRDA:110,10,0,3
BRF:15
BRH:11
end_of_record
TN:
SF:src/nxth7p/index.ts
FNF:0
FNH:0
DA:1,3
DA:3,3
LF:2
LH:2
BRF:0
BRH:0
end_of_record
TN:
SF:test/nxth7p/helper.ts
FN:7,(anonymous_1)
FN:8,(anonymous_2)
FN:10,(anonymous_3)
FN:18,(anonymous_4)
FN:20,(anonymous_5)
FN:26,(anonymous_6)
FN:28,(anonymous_7)
FN:34,(anonymous_8)
FN:36,(anonymous_9)
FNF:9
FNH:9
FNDA:2,(anonymous_1)
FNDA:1,(anonymous_2)
FNDA:1,(anonymous_3)
FNDA:4,(anonymous_4)
FNDA:3,(anonymous_5)
FNDA:3,(anonymous_6)
FNDA:2,(anonymous_7)
FNDA:1,(anonymous_8)
FNDA:1,(anonymous_9)
DA:1,2
DA:2,2
DA:3,2
DA:5,2
DA:8,2
DA:9,1
DA:10,1
DA:11,1
DA:15,1
DA:18,2
DA:19,4
DA:20,4
DA:21,3
DA:23,4
DA:26,2
DA:27,3
DA:28,3
DA:29,2
DA:31,3
DA:34,2
DA:35,1
DA:36,1
DA:37,1
DA:39,1
DA:43,2
DA:45,2
LF:26
LH:26
BRF:0
BRH:0
end_of_record
